<?xml version="1.0" encoding="UTF-8"?>
<testsuite xmlns:xsi="http://www.w3.org/2001/XMLSchema-instance" xsi:noNamespaceSchemaLocation="https://maven.apache.org/surefire/maven-surefire-plugin/xsd/surefire-test-report.xsd" name="tests.SearchTests" time="49.701" tests="5" errors="2" skipped="0" failures="0">
  <properties>
[...]
</properties>
  <testcase name="testAmountOfNotEmptySearch" classname="tests.SearchTests" time="21.418">
    <error message="Expected condition failed: Cannot find anything by the request&#10; (tried for 15 second(s) with 500 milliseconds interval)" type="org.openqa.selenium.TimeoutException">org.openqa.selenium.TimeoutException: 
Expected condition failed: Cannot find anything by the request
 (tried for 15 second(s) with 500 milliseconds interval)
	at tests.SearchTests.testAmountOfNotEmptySearch_aroundBody4(SearchTests.java:58)
	at tests.SearchTests.testAmountOfNotEmptySearch(SearchTests.java:54)
Caused by: org.openqa.selenium.NoSuchElementException: 
Cannot locate an element using By.cssSelector: ui.page-list>li.page-summary
For documentation on this error, please visit: http://seleniumhq.org/exceptions/no_such_element.html
Build info: version: '3.12.0', revision: '7c6e0b3', time: '2018-05-08T14:04:26.12Z'
System info: host: 'Macbook-Air-2.local', ip: 'fe80:0:0:0:10a2:bd7f:8a2:9972%en0', os.name: 'Mac OS X', os.arch: 'x86_64', os.version: '10.16', java.version: '1.8.0_292'
Driver info: driver.version: unknown
	at tests.SearchTests.testAmountOfNotEmptySearch_aroundBody4(SearchTests.java:58)
	at tests.SearchTests.testAmountOfNotEmptySearch(SearchTests.java:54)
</error>
    <system-out><![CDATA[Method rotateScreenPortrait() does nothing for platform mobile_web
]]></system-out>
    <system-err><![CDATA[Starting ChromeDriver 91.0.4472.101 (af52a90bf87030dd1523486a1cd3ae25c5d76c9b-refs/branch-heads/4472@{#1462}) on port 4132
Only local connections are allowed.
Please see https://chromedriver.chromium.org/security-considerations for suggestions on keeping ChromeDriver safe.
ChromeDriver was started successfully.
июн 29, 2021 9:01:29 PM org.openqa.selenium.remote.ProtocolHandshake createSession
INFO: Detected dialect: W3C
]]></system-err>
  </testcase>
  <testcase name="testAmountOfEmptySearch" classname="tests.SearchTests" time="4.56"/>
  <testcase name="testCancelSearch" classname="tests.SearchTests" time="4.095"/>
  <testcase name="testFindArticleByTitleAndDescription" classname="tests.SearchTests" time="14.305">
    <error message="Expected condition failed: Cannot find article with title: Java and description: Island of Indonesia&#10; (tried for 10 second(s) with 500 milliseconds interval)" type="org.openqa.selenium.TimeoutException">org.openqa.selenium.TimeoutException: 
Expected condition failed: Cannot find article with title: Java and description: Island of Indonesia
 (tried for 10 second(s) with 500 milliseconds interval)
	at tests.SearchTests.testFindArticleByTitleAndDescription_aroundBody8(SearchTests.java:90)
	at tests.SearchTests.testFindArticleByTitleAndDescription(SearchTests.java:87)
Caused by: org.openqa.selenium.NoSuchElementException: 
Cannot locate an element using By.xpath: //div[contains(@class, 'wikidata-description')][contains(text(), 'Island of Indonesia')]/../div[contains(@class, 'data-title')][contains(text(), 'Java')]
For documentation on this error, please visit: http://seleniumhq.org/exceptions/no_such_element.html
Build info: version: '3.12.0', revision: '7c6e0b3', time: '2018-05-08T14:04:26.12Z'
System info: host: 'Macbook-Air-2.local', ip: 'fe80:0:0:0:10a2:bd7f:8a2:9972%en0', os.name: 'Mac OS X', os.arch: 'x86_64', os.version: '10.16', java.version: '1.8.0_292'
Driver info: driver.version: unknown
	at tests.SearchTests.testFindArticleByTitleAndDescription_aroundBody8(SearchTests.java:90)
	at tests.SearchTests.testFindArticleByTitleAndDescription(SearchTests.java:87)
</error>
    <system-out><![CDATA[Method rotateScreenPortrait() does nothing for platform mobile_web
]]></system-out>
    <system-err><![CDATA[Starting ChromeDriver 91.0.4472.101 (af52a90bf87030dd1523486a1cd3ae25c5d76c9b-refs/branch-heads/4472@{#1462}) on port 33528
Only local connections are allowed.
Please see https://chromedriver.chromium.org/security-considerations for suggestions on keeping ChromeDriver safe.
ChromeDriver was started successfully.
июн 29, 2021 9:01:57 PM org.openqa.selenium.remote.ProtocolHandshake createSession
INFO: Detected dialect: W3C
]]></system-err>
  </testcase>
  <testcase name="testSearch" classname="tests.SearchTests" time="4.859"/>
</testsuite>